<?xml version="1.0" encoding="UTF-8"?>
<!-- Generated by org.testng.reporters.JUnitReportReporter -->
<testsuite hostname="DESKTOP-7SLCDT6" failures="0" tests="1" name="sheet.Paper" time="8.586" errors="0" timestamp="2024-01-29T13:58:41 IST" skipped="0">
  <testcase classname="sheet.Paper" name="ab" time="8.586"/>
</testsuite> <!-- sheet.Paper -->
